<?xml version="1.0" encoding="UTF-8"?>
<testsuite xmlns:xsi="http://www.w3.org/2001/XMLSchema-instance" xsi:noNamespaceSchemaLocation="https://maven.apache.org/surefire/maven-surefire-plugin/xsd/surefire-test-report.xsd" name="belajar.test.junit.test.RandomCalculatorTest" time="0.665" tests="21" errors="0" skipped="0" failures="0">
  <properties>
    <property name="java.specification.version" value="22"/>
    <property name="sun.cpu.isalist" value="amd64"/>
    <property name="sun.jnu.encoding" value="Cp1252"/>
    <property name="java.class.path" value="D:\Coba\Learn Java\learn-unit-test\target\test-classes;D:\Coba\Learn Java\learn-unit-test\target\classes;C:\Users\arbid\.m2\repository\org\junit\jupiter\junit-jupiter\5.10.2\junit-jupiter-5.10.2.jar;C:\Users\arbid\.m2\repository\org\junit\jupiter\junit-jupiter-api\5.10.2\junit-jupiter-api-5.10.2.jar;C:\Users\arbid\.m2\repository\org\opentest4j\opentest4j\1.3.0\opentest4j-1.3.0.jar;C:\Users\arbid\.m2\repository\org\junit\platform\junit-platform-commons\1.10.2\junit-platform-commons-1.10.2.jar;C:\Users\arbid\.m2\repository\org\apiguardian\apiguardian-api\1.1.2\apiguardian-api-1.1.2.jar;C:\Users\arbid\.m2\repository\org\junit\jupiter\junit-jupiter-params\5.10.2\junit-jupiter-params-5.10.2.jar;C:\Users\arbid\.m2\repository\org\junit\jupiter\junit-jupiter-engine\5.10.2\junit-jupiter-engine-5.10.2.jar;C:\Users\arbid\.m2\repository\org\junit\platform\junit-platform-engine\1.10.2\junit-platform-engine-1.10.2.jar;C:\Users\arbid\.m2\repository\org\mockito\mockito-junit-jupiter\5.12.0\mockito-junit-jupiter-5.12.0.jar;C:\Users\arbid\.m2\repository\org\mockito\mockito-core\5.12.0\mockito-core-5.12.0.jar;C:\Users\arbid\.m2\repository\net\bytebuddy\byte-buddy\1.14.15\byte-buddy-1.14.15.jar;C:\Users\arbid\.m2\repository\net\bytebuddy\byte-buddy-agent\1.14.15\byte-buddy-agent-1.14.15.jar;C:\Users\arbid\.m2\repository\org\objenesis\objenesis\3.3\objenesis-3.3.jar;"/>
    <property name="java.vm.vendor" value="Oracle Corporation"/>
    <property name="sun.arch.data.model" value="64"/>
    <property name="user.variant" value=""/>
    <property name="java.vendor.url" value="https://java.oracle.com/"/>
    <property name="user.timezone" value="Asia/Jakarta"/>
    <property name="os.name" value="Windows 11"/>
    <property name="java.vm.specification.version" value="22"/>
    <property name="sun.java.launcher" value="SUN_STANDARD"/>
    <property name="user.country" value="US"/>
    <property name="sun.boot.library.path" value="C:\Program Files\Java\jdk-22.0.1\bin"/>
    <property name="sun.java.command" value="C:\Users\arbid\AppData\Local\Temp\surefire16218640254736894956\surefirebooter7691918419634267162.jar C:\Users\arbid\AppData\Local\Temp\surefire16218640254736894956 2024-05-25T02-21-43_540-jvmRun1 surefire348655054309159500tmp surefire_07557086912085584237tmp"/>
    <property name="jdk.debug" value="release"/>
    <property name="surefire.test.class.path" value="D:\Coba\Learn Java\learn-unit-test\target\test-classes;D:\Coba\Learn Java\learn-unit-test\target\classes;C:\Users\arbid\.m2\repository\org\junit\jupiter\junit-jupiter\5.10.2\junit-jupiter-5.10.2.jar;C:\Users\arbid\.m2\repository\org\junit\jupiter\junit-jupiter-api\5.10.2\junit-jupiter-api-5.10.2.jar;C:\Users\arbid\.m2\repository\org\opentest4j\opentest4j\1.3.0\opentest4j-1.3.0.jar;C:\Users\arbid\.m2\repository\org\junit\platform\junit-platform-commons\1.10.2\junit-platform-commons-1.10.2.jar;C:\Users\arbid\.m2\repository\org\apiguardian\apiguardian-api\1.1.2\apiguardian-api-1.1.2.jar;C:\Users\arbid\.m2\repository\org\junit\jupiter\junit-jupiter-params\5.10.2\junit-jupiter-params-5.10.2.jar;C:\Users\arbid\.m2\repository\org\junit\jupiter\junit-jupiter-engine\5.10.2\junit-jupiter-engine-5.10.2.jar;C:\Users\arbid\.m2\repository\org\junit\platform\junit-platform-engine\1.10.2\junit-platform-engine-1.10.2.jar;C:\Users\arbid\.m2\repository\org\mockito\mockito-junit-jupiter\5.12.0\mockito-junit-jupiter-5.12.0.jar;C:\Users\arbid\.m2\repository\org\mockito\mockito-core\5.12.0\mockito-core-5.12.0.jar;C:\Users\arbid\.m2\repository\net\bytebuddy\byte-buddy\1.14.15\byte-buddy-1.14.15.jar;C:\Users\arbid\.m2\repository\net\bytebuddy\byte-buddy-agent\1.14.15\byte-buddy-agent-1.14.15.jar;C:\Users\arbid\.m2\repository\org\objenesis\objenesis\3.3\objenesis-3.3.jar;"/>
    <property name="sun.cpu.endian" value="little"/>
    <property name="user.home" value="C:\Users\arbid"/>
    <property name="user.language" value="en"/>
    <property name="java.specification.vendor" value="Oracle Corporation"/>
    <property name="java.version.date" value="2024-04-16"/>
    <property name="java.home" value="C:\Program Files\Java\jdk-22.0.1"/>
    <property name="file.separator" value="\"/>
    <property name="basedir" value="D:\Coba\Learn Java\learn-unit-test"/>
    <property name="java.vm.compressedOopsMode" value="32-bit"/>
    <property name="line.separator" value="&#10;"/>
    <property name="java.vm.specification.vendor" value="Oracle Corporation"/>
    <property name="java.specification.name" value="Java Platform API Specification"/>
    <property name="surefire.real.class.path" value="C:\Users\arbid\AppData\Local\Temp\surefire16218640254736894956\surefirebooter7691918419634267162.jar"/>
    <property name="user.script" value=""/>
    <property name="sun.management.compiler" value="HotSpot 64-Bit Tiered Compilers"/>
    <property name="java.runtime.version" value="22.0.1+8-16"/>
    <property name="user.name" value="ASUS"/>
    <property name="stdout.encoding" value="Cp1252"/>
    <property name="path.separator" value=";"/>
    <property name="os.version" value="10.0"/>
    <property name="java.runtime.name" value="OpenJDK Runtime Environment"/>
    <property name="file.encoding" value="UTF-8"/>
    <property name="java.vm.name" value="OpenJDK 64-Bit Server VM"/>
    <property name="localRepository" value="C:\Users\arbid\.m2\repository"/>
    <property name="java.vendor.url.bug" value="https://bugreport.java.com/bugreport/"/>
    <property name="java.io.tmpdir" value="C:\Users\arbid\AppData\Local\Temp\"/>
    <property name="java.version" value="22.0.1"/>
    <property name="user.dir" value="D:\Coba\Learn Java\learn-unit-test"/>
    <property name="os.arch" value="amd64"/>
    <property name="java.vm.specification.name" value="Java Virtual Machine Specification"/>
    <property name="sun.os.patch.level" value=""/>
    <property name="native.encoding" value="Cp1252"/>
    <property name="java.library.path" value="C:\Program Files\Java\jdk-22.0.1\bin;C:\Windows\Sun\Java\bin;C:\Windows\system32;C:\Windows;C:\Windows\system32;C:\Windows;C:\Windows\System32\Wbem;C:\Windows\System32\WindowsPowerShell\v1.0\;C:\Windows\System32\OpenSSH\;C:\Program Files\Git\cmd;C:\Users\arbid\AppData\Local\Programs\Python\Python311;C:\Users\arbid\AppData\Local\Programs\Python\Python311\Scripts;C:\Program Files\nodejs\;C:\Program Files\Docker\Docker\resources\bin;C:\Program Files\Java\jdk-22.0.1\bin;C:\Program Files\PostgreSQL\16\bin;C:\Program Files\MySQL\MySQL Server 8.4\bin;C:\Program Files\apache-maven-3.9.6\bin;C:\Users\arbid\AppData\Local\Microsoft\WindowsApps;;C:\Users\arbid\AppData\Local\Programs\Microsoft VS Code\bin;C:\Users\arbid\AppData\Roaming\npm;."/>
    <property name="java.vm.info" value="mixed mode, sharing"/>
    <property name="stderr.encoding" value="Cp1252"/>
    <property name="java.vendor" value="Oracle Corporation"/>
    <property name="java.vm.version" value="22.0.1+8-16"/>
    <property name="sun.io.unicode.encoding" value="UnicodeLittle"/>
    <property name="java.class.version" value="66.0"/>
  </properties>
  <testcase name="testWithMethodSource{Integer}[1]" classname="belajar.test.junit.test.RandomCalculatorTest" time="0.092"/>
  <testcase name="testWithMethodSource{Integer}[2]" classname="belajar.test.junit.test.RandomCalculatorTest" time="0.004"/>
  <testcase name="testWithMethodSource{Integer}[3]" classname="belajar.test.junit.test.RandomCalculatorTest" time="0.003"/>
  <testcase name="testWithMethodSource{Integer}[4]" classname="belajar.test.junit.test.RandomCalculatorTest" time="0.006"/>
  <testcase name="testWithMethodSource{Integer}[5]" classname="belajar.test.junit.test.RandomCalculatorTest" time="0.004"/>
  <testcase name="testRandomRepeated{Random, TestInfo, RepetitionInfo}[1]" classname="belajar.test.junit.test.RandomCalculatorTest" time="0.063"/>
  <testcase name="testRandomRepeated{Random, TestInfo, RepetitionInfo}[2]" classname="belajar.test.junit.test.RandomCalculatorTest" time="0.05"/>
  <testcase name="testRandomRepeated{Random, TestInfo, RepetitionInfo}[3]" classname="belajar.test.junit.test.RandomCalculatorTest" time="0.056"/>
  <testcase name="testRandomRepeated{Random, TestInfo, RepetitionInfo}[4]" classname="belajar.test.junit.test.RandomCalculatorTest" time="0.013"/>
  <testcase name="testRandomRepeated{Random, TestInfo, RepetitionInfo}[5]" classname="belajar.test.junit.test.RandomCalculatorTest" time="0.006"/>
  <testcase name="testRandomRepeated{Random, TestInfo, RepetitionInfo}[6]" classname="belajar.test.junit.test.RandomCalculatorTest" time="0.084"/>
  <testcase name="testRandomRepeated{Random, TestInfo, RepetitionInfo}[7]" classname="belajar.test.junit.test.RandomCalculatorTest" time="0.076"/>
  <testcase name="testRandomRepeated{Random, TestInfo, RepetitionInfo}[8]" classname="belajar.test.junit.test.RandomCalculatorTest" time="0.037"/>
  <testcase name="testRandomRepeated{Random, TestInfo, RepetitionInfo}[9]" classname="belajar.test.junit.test.RandomCalculatorTest" time="0.011"/>
  <testcase name="testRandomRepeated{Random, TestInfo, RepetitionInfo}[10]" classname="belajar.test.junit.test.RandomCalculatorTest" time="0.03"/>
  <testcase name="testWithParameter{int}[1]" classname="belajar.test.junit.test.RandomCalculatorTest" time="0.007"/>
  <testcase name="testWithParameter{int}[2]" classname="belajar.test.junit.test.RandomCalculatorTest" time="0.015"/>
  <testcase name="testWithParameter{int}[3]" classname="belajar.test.junit.test.RandomCalculatorTest" time="0.003"/>
  <testcase name="testWithParameter{int}[4]" classname="belajar.test.junit.test.RandomCalculatorTest" time="0.002"/>
  <testcase name="testWithParameter{int}[5]" classname="belajar.test.junit.test.RandomCalculatorTest" time="0.002"/>
  <testcase name="testRandom{Random}" classname="belajar.test.junit.test.RandomCalculatorTest" time="0.007"/>
</testsuite>